<?xml version="1.0" encoding="UTF-8"?>
<testsuite name="Academy Choucair As a user, I want to learn how to automate in screamplay at the choucair academy with the automation course" tests="1" skipped="0" failures="0" errors="0" timestamp="2021-04-14T00:20:02" hostname="LAPTOP-NMUU8RHB" time="36.174">
  <properties/>
  <testcase name="Search for automation course" classname="Academy Choucair As a user, I want to learn how to automate in screamplay at the choucair academy with the automation course" time="36.174"/>
  <system-out><![CDATA[]]></system-out>
  <system-err><![CDATA[abr 13, 2021 7:20:03 PM org.openqa.selenium.remote.DesiredCapabilities chrome
INFORMACIÓN: Using `new ChromeOptions()` is preferred to `DesiredCapabilities.chrome()`
Starting ChromeDriver 89.0.4389.23 (61b08ee2c50024bab004e48d2b1b083cdbdac579-refs/branch-heads/4389@{#294}) on port 27758
Only local connections are allowed.
Please see https://chromedriver.chromium.org/security-considerations for suggestions on keeping ChromeDriver safe.
ChromeDriver was started successfully.
abr 13, 2021 7:20:05 PM org.openqa.selenium.remote.ProtocolHandshake createSession
INFORMACIÓN: Detected dialect: W3C
[Test worker] INFO net.serenitybdd.core.Serenity - 
        __    _____ _____ ____ _____   ____   _    ____  ____  _____ ____  
  _     \ \  |_   _| ____/ ___|_   _| |  _ \ / \  / ___|/ ___|| ____|  _ \ 
 (_)_____| |   | | |  _| \___ \ | |   | |_) / _ \ \___ \\___ \|  _| | | | |
  _|_____| |   | | | |___ ___) || |   |  __/ ___ \ ___) |___) | |___| |_| |
 (_)     | |   |_| |_____|____/ |_|   |_| /_/   \_\____/|____/|_____|____/ 
        /_/                                                                

TEST PASSED: Search for automation course
----------------------------------------------------------------------------
]]></system-err>
</testsuite>
